* Owlready2 * Warning: optimized Cython parser module 'owlready2_optimized' is not available, defaulting to slower Python implementation
Seed: 42
Base IRI:  http://www.owl-ontologies.com/unnamed.owl#
#Classes: 59
    0: financial-abbrev.Above65
    1: financial-abbrev.AgeValue
    2: financial-abbrev.Account
    3: financial-abbrev.Client
    4: financial-abbrev.CreditCard
    5: financial-abbrev.Loan
    6: financial-abbrev.LoanStatusValue
    7: financial-abbrev.Payment
    8: financial-abbrev.PermanentOrder
    9: financial-abbrev.Region
   10: financial-abbrev.SexValue
   11: financial-abbrev.Transaction
   12: financial-abbrev.AfterTransaction
   13: financial-abbrev.StatementIssuanceFrequencyValue
   14: financial-abbrev.Monthly
   15: financial-abbrev.Weekly
   16: financial-abbrev.Below18
   17: financial-abbrev.From18To25
   18: financial-abbrev.From25To35
   19: financial-abbrev.From35To50
   20: financial-abbrev.From50To65
   21: financial-abbrev.CashCredit
   22: financial-abbrev.Credit
   23: financial-abbrev.CollectionAnotherBank
   24: financial-abbrev.CashWithdrawal
   25: financial-abbrev.Withdrawal
   26: financial-abbrev.CreditCardWithdrawal
   27: financial-abbrev.RemittanceAnotherBank
   28: financial-abbrev.CentralBohemia
   29: financial-abbrev.EastBohemia
   30: financial-abbrev.NorthBohemia
   31: financial-abbrev.NorthMoravia
   32: financial-abbrev.Prague
   33: financial-abbrev.SouthBohemia
   34: financial-abbrev.SouthMoravia
   35: financial-abbrev.Classic
   36: financial-abbrev.Gold
   37: financial-abbrev.Junior
   38: financial-abbrev.DebtRunningLoan
   39: financial-abbrev.Running
   40: financial-abbrev.ProblemStatus
   41: financial-abbrev.OKRunningLoan
   42: financial-abbrev.FemaleSex
   43: financial-abbrev.MaleSex
   44: financial-abbrev.Finished
   45: financial-abbrev.ForStatementPayment
   46: financial-abbrev.HouseholdPayment
   47: financial-abbrev.InsurrancePayment
   48: financial-abbrev.Leasing
   49: financial-abbrev.LoanPayment
   50: financial-abbrev.InterestsCredited
   51: financial-abbrev.Man
   52: financial-abbrev.Woman
   53: financial-abbrev.NoProblemsFinishedLoan
   54: financial-abbrev.OKStatus
   55: financial-abbrev.NotPaidFinishedLoan
   56: financial-abbrev.OldAgePension
   57: financial-abbrev.SanctionInterestCashWithdrawal
   58: financial-abbrev.WestBohemia
#Obj-props: 16 
    0: financial-abbrev.hasLoanStatusValue ([financial-abbrev.Loan] >> [financial-abbrev.LoanStatusValue])
    1: financial-abbrev.hasSexValue ([financial-abbrev.Client] >> [financial-abbrev.SexValue])
    2: financial-abbrev.isPermanentOrderFor ([financial-abbrev.PermanentOrder] >> [financial-abbrev.Payment])
    3: financial-abbrev.IsLoanOf ([financial-abbrev.Loan] >> [financial-abbrev.Account])
    4: financial-abbrev.hasLoan ([financial-abbrev.Account] >> [financial-abbrev.Loan])
    5: financial-abbrev.hasAgeValue ([financial-abbrev.Client] >> [financial-abbrev.AgeValue])
    6: financial-abbrev.hasCreditCard ([financial-abbrev.Client] >> [financial-abbrev.CreditCard])
    7: financial-abbrev.isCreditCardOf ([financial-abbrev.CreditCard] >> [financial-abbrev.Client])
    8: financial-abbrev.hasOwner ([financial-abbrev.Account] >> [financial-abbrev.Client])
    9: financial-abbrev.isOwnerOf ([financial-abbrev.Client] >> [financial-abbrev.Account])
   10: financial-abbrev.hasPermanentOrder ([financial-abbrev.Account] >> [financial-abbrev.PermanentOrder])
   11: financial-abbrev.hasStatementIssuanceFrequency ([financial-abbrev.Account] >> [financial-abbrev.StatementIssuanceFrequencyValue])
   12: financial-abbrev.isTransactionFrom ([financial-abbrev.Transaction] >> [financial-abbrev.Account])
   13: financial-abbrev.isUserOf ([financial-abbrev.Client] >> [financial-abbrev.Account])
   14: financial-abbrev.isWithdrawalFor ([financial-abbrev.Withdrawal] >> [financial-abbrev.Payment])
   15: financial-abbrev.livesIn ([financial-abbrev.Client] >> [financial-abbrev.Region])
#Data-props: 0 
#Individuals ASSERTED: 0 

Ontology LOADED

FEATURES (75):
[financial-abbrev.Above65, financial-abbrev.AgeValue, financial-abbrev.Account, financial-abbrev.Client, financial-abbrev.CreditCard, financial-abbrev.Loan, financial-abbrev.LoanStatusValue, financial-abbrev.Payment, financial-abbrev.PermanentOrder, financial-abbrev.Region, financial-abbrev.SexValue, financial-abbrev.Transaction, financial-abbrev.AfterTransaction, financial-abbrev.StatementIssuanceFrequencyValue, financial-abbrev.Monthly, financial-abbrev.Weekly, financial-abbrev.Below18, financial-abbrev.From18To25, financial-abbrev.From25To35, financial-abbrev.From35To50, financial-abbrev.From50To65, financial-abbrev.CashCredit, financial-abbrev.Credit, financial-abbrev.CollectionAnotherBank, financial-abbrev.CashWithdrawal, financial-abbrev.Withdrawal, financial-abbrev.CreditCardWithdrawal, financial-abbrev.RemittanceAnotherBank, financial-abbrev.CentralBohemia, financial-abbrev.EastBohemia, financial-abbrev.NorthBohemia, financial-abbrev.NorthMoravia, financial-abbrev.Prague, financial-abbrev.SouthBohemia, financial-abbrev.SouthMoravia, financial-abbrev.Classic, financial-abbrev.Gold, financial-abbrev.Junior, financial-abbrev.DebtRunningLoan, financial-abbrev.Running, financial-abbrev.ProblemStatus, financial-abbrev.OKRunningLoan, financial-abbrev.FemaleSex, financial-abbrev.MaleSex, financial-abbrev.Finished, financial-abbrev.ForStatementPayment, financial-abbrev.HouseholdPayment, financial-abbrev.InsurrancePayment, financial-abbrev.Leasing, financial-abbrev.LoanPayment, financial-abbrev.InterestsCredited, financial-abbrev.Man, financial-abbrev.Woman, financial-abbrev.NoProblemsFinishedLoan, financial-abbrev.OKStatus, financial-abbrev.NotPaidFinishedLoan, financial-abbrev.OldAgePension, financial-abbrev.SanctionInterestCashWithdrawal, financial-abbrev.WestBohemia, financial-abbrev.Some_hasLoanStatusValue_range, financial-abbrev.Some_hasSexValue_range, financial-abbrev.Some_isPermanentOrderFor_range, financial-abbrev.Some_IsLoanOf_range, financial-abbrev.Some_hasLoan_range, financial-abbrev.Some_hasAgeValue_range, financial-abbrev.Some_hasCreditCard_range, financial-abbrev.Some_isCreditCardOf_range, financial-abbrev.Some_hasOwner_range, financial-abbrev.Some_isOwnerOf_range, financial-abbrev.Some_hasPermanentOrder_range, financial-abbrev.Some_hasStatementIssuanceFrequency_range, financial-abbrev.Some_isTransactionFrom_range, financial-abbrev.Some_isUserOf_range, financial-abbrev.Some_isWithdrawalFor_range, financial-abbrev.Some_livesIn_range]

Extracting Individuals per Feature

#individuals inferred: 1000 


FEATURE SELECTION (were 75)
X:  (1000, 13)

...loading TARGET CLASSES
[financial-abbrev-targets.n3.Class_01_65_62
 financial-abbrev-targets.n3.Class_02_51_38
 financial-abbrev-targets.n3.Class_03_61_45
 financial-abbrev-targets.n3.Class_04_74_27
 financial-abbrev-targets.n3.Class_05_64_17
 financial-abbrev-targets.n3.Class_06_68_18
 financial-abbrev-targets.n3.Class_07_9_42
 financial-abbrev-targets.n3.Class_08_60_71
 financial-abbrev-targets.n3.Class_09_61_56
 financial-abbrev-targets.n3.Class_10_66_33] 




Target Class:  financial-abbrev-targets.n3.Class_01_65_62
? [financial-abbrev.Some_hasCreditCard_range & financial-abbrev.Non_Some_IsLoanOf_range, financial-abbrev.Some_hasCreditCard_range]
	 pos: 56	 neg: 505	 unl: 439 

Avg Scores - Problem #1

Model: MBM
C:\DATI UTENTE\Desktop\MATERIALE TESI\MBM_IDE\BNB_extend.py:175: RuntimeWarning: invalid value encountered in true_divide
  self.class_log_prior_ = log_resp / log_resp.sum()
C:\DATI UTENTE\Desktop\MATERIALE TESI\MBM_IDE\BNB_extend.py:175: RuntimeWarning: invalid value encountered in true_divide
  self.class_log_prior_ = log_resp / log_resp.sum()
C:\DATI UTENTE\Desktop\MATERIALE TESI\MBM_IDE\BNB_extend.py:175: RuntimeWarning: invalid value encountered in true_divide
  self.class_log_prior_ = log_resp / log_resp.sum()
C:\DATI UTENTE\Desktop\MATERIALE TESI\MBM_IDE\BNB_extend.py:175: RuntimeWarning: invalid value encountered in true_divide
  self.class_log_prior_ = log_resp / log_resp.sum()
C:\DATI UTENTE\Desktop\MATERIALE TESI\MBM_IDE\BNB_extend.py:175: RuntimeWarning: invalid value encountered in true_divide
  self.class_log_prior_ = log_resp / log_resp.sum()
C:\DATI UTENTE\Desktop\MATERIALE TESI\MBM_IDE\BNB_extend.py:175: RuntimeWarning: invalid value encountered in true_divide
  self.class_log_prior_ = log_resp / log_resp.sum()
C:\DATI UTENTE\Desktop\MATERIALE TESI\MBM_IDE\BNB_extend.py:175: RuntimeWarning: invalid value encountered in true_divide
  self.class_log_prior_ = log_resp / log_resp.sum()
C:\DATI UTENTE\Desktop\MATERIALE TESI\MBM_IDE\BNB_extend.py:175: RuntimeWarning: invalid value encountered in true_divide
  self.class_log_prior_ = log_resp / log_resp.sum()
C:\DATI UTENTE\Desktop\MATERIALE TESI\MBM_IDE\BNB_extend.py:175: RuntimeWarning: invalid value encountered in true_divide
  self.class_log_prior_ = log_resp / log_resp.sum()
C:\DATI UTENTE\Desktop\MATERIALE TESI\MBM_IDE\BNB_extend.py:175: RuntimeWarning: invalid value encountered in true_divide
  self.class_log_prior_ = log_resp / log_resp.sum()
	 0.554 ± 0.000 P
	 0.899 ± 0.000 R
	 0.602 ± 0.000 F1

Model: MMBM
C:\DATI UTENTE\Desktop\MATERIALE TESI\MBM_IDE\BNB_extend.py:175: RuntimeWarning: invalid value encountered in true_divide
  self.class_log_prior_ = log_resp / log_resp.sum()
C:\DATI UTENTE\Desktop\MATERIALE TESI\MBM_IDE\BNB_extend.py:175: RuntimeWarning: invalid value encountered in true_divide
  self.class_log_prior_ = log_resp / log_resp.sum()
C:\DATI UTENTE\Desktop\MATERIALE TESI\MBM_IDE\BNB_extend.py:175: RuntimeWarning: invalid value encountered in true_divide
  self.class_log_prior_ = log_resp / log_resp.sum()
C:\DATI UTENTE\Desktop\MATERIALE TESI\MBM_IDE\BNB_extend.py:175: RuntimeWarning: invalid value encountered in true_divide
  self.class_log_prior_ = log_resp / log_resp.sum()
C:\DATI UTENTE\Desktop\MATERIALE TESI\MBM_IDE\BNB_extend.py:175: RuntimeWarning: invalid value encountered in true_divide
  self.class_log_prior_ = log_resp / log_resp.sum()
C:\DATI UTENTE\Desktop\MATERIALE TESI\MBM_IDE\BNB_extend.py:175: RuntimeWarning: invalid value encountered in true_divide
  self.class_log_prior_ = log_resp / log_resp.sum()
C:\DATI UTENTE\Desktop\MATERIALE TESI\MBM_IDE\BNB_extend.py:175: RuntimeWarning: invalid value encountered in true_divide
  self.class_log_prior_ = log_resp / log_resp.sum()
C:\DATI UTENTE\Desktop\MATERIALE TESI\MBM_IDE\BNB_extend.py:175: RuntimeWarning: invalid value encountered in true_divide
  self.class_log_prior_ = log_resp / log_resp.sum()
C:\DATI UTENTE\Desktop\MATERIALE TESI\MBM_IDE\BNB_extend.py:175: RuntimeWarning: invalid value encountered in true_divide
  self.class_log_prior_ = log_resp / log_resp.sum()
C:\DATI UTENTE\Desktop\MATERIALE TESI\MBM_IDE\BNB_extend.py:175: RuntimeWarning: invalid value encountered in true_divide
	 0.554 ± 0.000 P
	 0.899 ± 0.000 R
	 0.602 ± 0.000 F1

Model: LR
  self.class_log_prior_ = log_resp / log_resp.sum()
	 0.993 ± 0.006 P
	 0.679 ± 0.017 R
	 0.771 ± 0.012 F1


Target Class:  financial-abbrev-targets.n3.Class_02_51_38
? [financial-abbrev.Man & financial-abbrev.Non_DebtRunningLoan, financial-abbrev.Man]
	 pos: 137	 neg: 623	 unl: 240 

Avg Scores - Problem #2

Model: MBM
C:\DATI UTENTE\Desktop\MATERIALE TESI\MBM_IDE\BNB_extend.py:175: RuntimeWarning: invalid value encountered in true_divide
  self.class_log_prior_ = log_resp / log_resp.sum()
C:\DATI UTENTE\Desktop\MATERIALE TESI\MBM_IDE\BNB_extend.py:175: RuntimeWarning: invalid value encountered in true_divide
  self.class_log_prior_ = log_resp / log_resp.sum()
C:\DATI UTENTE\Desktop\MATERIALE TESI\MBM_IDE\BNB_extend.py:175: RuntimeWarning: invalid value encountered in true_divide
  self.class_log_prior_ = log_resp / log_resp.sum()
C:\DATI UTENTE\Desktop\MATERIALE TESI\MBM_IDE\BNB_extend.py:175: RuntimeWarning: invalid value encountered in true_divide
  self.class_log_prior_ = log_resp / log_resp.sum()
C:\DATI UTENTE\Desktop\MATERIALE TESI\MBM_IDE\BNB_extend.py:175: RuntimeWarning: invalid value encountered in true_divide
  self.class_log_prior_ = log_resp / log_resp.sum()
C:\DATI UTENTE\Desktop\MATERIALE TESI\MBM_IDE\BNB_extend.py:175: RuntimeWarning: invalid value encountered in true_divide
  self.class_log_prior_ = log_resp / log_resp.sum()
C:\DATI UTENTE\Desktop\MATERIALE TESI\MBM_IDE\BNB_extend.py:175: RuntimeWarning: invalid value encountered in true_divide
  self.class_log_prior_ = log_resp / log_resp.sum()
C:\DATI UTENTE\Desktop\MATERIALE TESI\MBM_IDE\BNB_extend.py:175: RuntimeWarning: invalid value encountered in true_divide
  self.class_log_prior_ = log_resp / log_resp.sum()
C:\DATI UTENTE\Desktop\MATERIALE TESI\MBM_IDE\BNB_extend.py:175: RuntimeWarning: invalid value encountered in true_divide
  self.class_log_prior_ = log_resp / log_resp.sum()
C:\DATI UTENTE\Desktop\MATERIALE TESI\MBM_IDE\BNB_extend.py:175: RuntimeWarning: invalid value encountered in true_divide
  self.class_log_prior_ = log_resp / log_resp.sum()
	 0.691 ± 0.000 P
	 0.820 ± 0.000 R
	 0.630 ± 0.000 F1

Model: MMBM
C:\DATI UTENTE\Desktop\MATERIALE TESI\MBM_IDE\BNB_extend.py:175: RuntimeWarning: invalid value encountered in true_divide
  self.class_log_prior_ = log_resp / log_resp.sum()
C:\DATI UTENTE\Desktop\MATERIALE TESI\MBM_IDE\BNB_extend.py:175: RuntimeWarning: invalid value encountered in true_divide
  self.class_log_prior_ = log_resp / log_resp.sum()
C:\DATI UTENTE\Desktop\MATERIALE TESI\MBM_IDE\BNB_extend.py:175: RuntimeWarning: invalid value encountered in true_divide
  self.class_log_prior_ = log_resp / log_resp.sum()
C:\DATI UTENTE\Desktop\MATERIALE TESI\MBM_IDE\BNB_extend.py:175: RuntimeWarning: invalid value encountered in true_divide
  self.class_log_prior_ = log_resp / log_resp.sum()
C:\DATI UTENTE\Desktop\MATERIALE TESI\MBM_IDE\BNB_extend.py:175: RuntimeWarning: invalid value encountered in true_divide
  self.class_log_prior_ = log_resp / log_resp.sum()
C:\DATI UTENTE\Desktop\MATERIALE TESI\MBM_IDE\BNB_extend.py:175: RuntimeWarning: invalid value encountered in true_divide
  self.class_log_prior_ = log_resp / log_resp.sum()
C:\DATI UTENTE\Desktop\MATERIALE TESI\MBM_IDE\BNB_extend.py:175: RuntimeWarning: invalid value encountered in true_divide
  self.class_log_prior_ = log_resp / log_resp.sum()
C:\DATI UTENTE\Desktop\MATERIALE TESI\MBM_IDE\BNB_extend.py:175: RuntimeWarning: invalid value encountered in true_divide
  self.class_log_prior_ = log_resp / log_resp.sum()
C:\DATI UTENTE\Desktop\MATERIALE TESI\MBM_IDE\BNB_extend.py:175: RuntimeWarning: invalid value encountered in true_divide
  self.class_log_prior_ = log_resp / log_resp.sum()
C:\DATI UTENTE\Desktop\MATERIALE TESI\MBM_IDE\BNB_extend.py:175: RuntimeWarning: invalid value encountered in true_divide
  self.class_log_prior_ = log_resp / log_resp.sum()
	 0.691 ± 0.000 P
	 0.820 ± 0.000 R
	 0.630 ± 0.000 F1

Model: LR
	 0.691 ± 0.000 P
	 0.820 ± 0.000 R
	 0.630 ± 0.000 F1


Target Class:  financial-abbrev-targets.n3.Class_03_61_45
? [financial-abbrev.Some_isPermanentOrderFor_range & financial-abbrev.Non_ForStatementPayment, financial-abbrev.Some_isPermanentOrderFor_range, financial-abbrev-targets.n3.Class_09_61_56]
	 pos: 381	 neg: 379	 unl: 240 

Avg Scores - Problem #3

Model: MBM
C:\DATI UTENTE\Desktop\MATERIALE TESI\MBM_IDE\BNB_extend.py:175: RuntimeWarning: invalid value encountered in true_divide
  self.class_log_prior_ = log_resp / log_resp.sum()
C:\DATI UTENTE\Desktop\MATERIALE TESI\MBM_IDE\BNB_extend.py:175: RuntimeWarning: invalid value encountered in true_divide
  self.class_log_prior_ = log_resp / log_resp.sum()
C:\DATI UTENTE\Desktop\MATERIALE TESI\MBM_IDE\BNB_extend.py:175: RuntimeWarning: invalid value encountered in true_divide
  self.class_log_prior_ = log_resp / log_resp.sum()
C:\DATI UTENTE\Desktop\MATERIALE TESI\MBM_IDE\BNB_extend.py:175: RuntimeWarning: invalid value encountered in true_divide
  self.class_log_prior_ = log_resp / log_resp.sum()
C:\DATI UTENTE\Desktop\MATERIALE TESI\MBM_IDE\BNB_extend.py:175: RuntimeWarning: invalid value encountered in true_divide
  self.class_log_prior_ = log_resp / log_resp.sum()
C:\DATI UTENTE\Desktop\MATERIALE TESI\MBM_IDE\BNB_extend.py:175: RuntimeWarning: invalid value encountered in true_divide
  self.class_log_prior_ = log_resp / log_resp.sum()
C:\DATI UTENTE\Desktop\MATERIALE TESI\MBM_IDE\BNB_extend.py:175: RuntimeWarning: invalid value encountered in true_divide
  self.class_log_prior_ = log_resp / log_resp.sum()
C:\DATI UTENTE\Desktop\MATERIALE TESI\MBM_IDE\BNB_extend.py:175: RuntimeWarning: invalid value encountered in true_divide
  self.class_log_prior_ = log_resp / log_resp.sum()
C:\DATI UTENTE\Desktop\MATERIALE TESI\MBM_IDE\BNB_extend.py:175: RuntimeWarning: invalid value encountered in true_divide
  self.class_log_prior_ = log_resp / log_resp.sum()
C:\DATI UTENTE\Desktop\MATERIALE TESI\MBM_IDE\BNB_extend.py:175: RuntimeWarning: invalid value encountered in true_divide
  self.class_log_prior_ = log_resp / log_resp.sum()
	 0.690 ± 0.000 P
	 0.500 ± 0.000 R
	 0.275 ± 0.000 F1

Model: MMBM
C:\DATI UTENTE\Desktop\MATERIALE TESI\MBM_IDE\BNB_extend.py:175: RuntimeWarning: invalid value encountered in true_divide
  self.class_log_prior_ = log_resp / log_resp.sum()
C:\DATI UTENTE\Desktop\MATERIALE TESI\MBM_IDE\BNB_extend.py:175: RuntimeWarning: invalid value encountered in true_divide
  self.class_log_prior_ = log_resp / log_resp.sum()
C:\DATI UTENTE\Desktop\MATERIALE TESI\MBM_IDE\BNB_extend.py:175: RuntimeWarning: invalid value encountered in true_divide
  self.class_log_prior_ = log_resp / log_resp.sum()
C:\DATI UTENTE\Desktop\MATERIALE TESI\MBM_IDE\BNB_extend.py:175: RuntimeWarning: invalid value encountered in true_divide
  self.class_log_prior_ = log_resp / log_resp.sum()
C:\DATI UTENTE\Desktop\MATERIALE TESI\MBM_IDE\BNB_extend.py:175: RuntimeWarning: invalid value encountered in true_divide
  self.class_log_prior_ = log_resp / log_resp.sum()
C:\DATI UTENTE\Desktop\MATERIALE TESI\MBM_IDE\BNB_extend.py:175: RuntimeWarning: invalid value encountered in true_divide
  self.class_log_prior_ = log_resp / log_resp.sum()
C:\DATI UTENTE\Desktop\MATERIALE TESI\MBM_IDE\BNB_extend.py:175: RuntimeWarning: invalid value encountered in true_divide
  self.class_log_prior_ = log_resp / log_resp.sum()
C:\DATI UTENTE\Desktop\MATERIALE TESI\MBM_IDE\BNB_extend.py:175: RuntimeWarning: invalid value encountered in true_divide
  self.class_log_prior_ = log_resp / log_resp.sum()
C:\DATI UTENTE\Desktop\MATERIALE TESI\MBM_IDE\BNB_extend.py:175: RuntimeWarning: invalid value encountered in true_divide
  self.class_log_prior_ = log_resp / log_resp.sum()
C:\DATI UTENTE\Desktop\MATERIALE TESI\MBM_IDE\BNB_extend.py:175: RuntimeWarning: invalid value encountered in true_divide
	 0.690 ± 0.000 P
	 0.500 ± 0.000 R
	 0.275 ± 0.000 F1

Model: LR
  self.class_log_prior_ = log_resp / log_resp.sum()
	 0.804 ± 0.002 P
	 1.000 ± 0.000 R
	 0.879 ± 0.001 F1


Target Class:  financial-abbrev-targets.n3.Class_04_74_27
? [financial-abbrev.Some_livesIn_range & financial-abbrev.Non_RemittanceAnotherBank, financial-abbrev.Some_livesIn_range]
	 pos: 255	 neg: 505	 unl: 240 
C:\DATI UTENTE\Desktop\MATERIALE TESI\MBM_IDE\BNB_extend.py:175: RuntimeWarning: invalid value encountered in true_divide
  self.class_log_prior_ = log_resp / log_resp.sum()
C:\DATI UTENTE\Desktop\MATERIALE TESI\MBM_IDE\BNB_extend.py:175: RuntimeWarning: invalid value encountered in true_divide
  self.class_log_prior_ = log_resp / log_resp.sum()
C:\DATI UTENTE\Desktop\MATERIALE TESI\MBM_IDE\BNB_extend.py:175: RuntimeWarning: invalid value encountered in true_divide
  self.class_log_prior_ = log_resp / log_resp.sum()

Avg Scores - Problem #4
C:\DATI UTENTE\Desktop\MATERIALE TESI\MBM_IDE\BNB_extend.py:175: RuntimeWarning: invalid value encountered in true_divide
  self.class_log_prior_ = log_resp / log_resp.sum()
C:\DATI UTENTE\Desktop\MATERIALE TESI\MBM_IDE\BNB_extend.py:175: RuntimeWarning: invalid value encountered in true_divide
  self.class_log_prior_ = log_resp / log_resp.sum()
C:\DATI UTENTE\Desktop\MATERIALE TESI\MBM_IDE\BNB_extend.py:175: RuntimeWarning: invalid value encountered in true_divide
  self.class_log_prior_ = log_resp / log_resp.sum()
C:\DATI UTENTE\Desktop\MATERIALE TESI\MBM_IDE\BNB_extend.py:175: RuntimeWarning: invalid value encountered in true_divide
  self.class_log_prior_ = log_resp / log_resp.sum()
C:\DATI UTENTE\Desktop\MATERIALE TESI\MBM_IDE\BNB_extend.py:175: RuntimeWarning: invalid value encountered in true_divide
  self.class_log_prior_ = log_resp / log_resp.sum()
C:\DATI UTENTE\Desktop\MATERIALE TESI\MBM_IDE\BNB_extend.py:175: RuntimeWarning: invalid value encountered in true_divide
  self.class_log_prior_ = log_resp / log_resp.sum()
C:\DATI UTENTE\Desktop\MATERIALE TESI\MBM_IDE\BNB_extend.py:175: RuntimeWarning: invalid value encountered in true_divide
  self.class_log_prior_ = log_resp / log_resp.sum()

Model: MBM
	 0.671 ± 0.000 P
	 0.665 ± 0.002 R
	 0.447 ± 0.002 F1

Model: MMBM
C:\DATI UTENTE\Desktop\MATERIALE TESI\MBM_IDE\BNB_extend.py:175: RuntimeWarning: invalid value encountered in true_divide
  self.class_log_prior_ = log_resp / log_resp.sum()
C:\DATI UTENTE\Desktop\MATERIALE TESI\MBM_IDE\BNB_extend.py:175: RuntimeWarning: invalid value encountered in true_divide
  self.class_log_prior_ = log_resp / log_resp.sum()
C:\DATI UTENTE\Desktop\MATERIALE TESI\MBM_IDE\BNB_extend.py:175: RuntimeWarning: invalid value encountered in true_divide
  self.class_log_prior_ = log_resp / log_resp.sum()
C:\DATI UTENTE\Desktop\MATERIALE TESI\MBM_IDE\BNB_extend.py:175: RuntimeWarning: invalid value encountered in true_divide
  self.class_log_prior_ = log_resp / log_resp.sum()
C:\DATI UTENTE\Desktop\MATERIALE TESI\MBM_IDE\BNB_extend.py:175: RuntimeWarning: invalid value encountered in true_divide
  self.class_log_prior_ = log_resp / log_resp.sum()
C:\DATI UTENTE\Desktop\MATERIALE TESI\MBM_IDE\BNB_extend.py:175: RuntimeWarning: invalid value encountered in true_divide
  self.class_log_prior_ = log_resp / log_resp.sum()
C:\DATI UTENTE\Desktop\MATERIALE TESI\MBM_IDE\BNB_extend.py:175: RuntimeWarning: invalid value encountered in true_divide
  self.class_log_prior_ = log_resp / log_resp.sum()
C:\DATI UTENTE\Desktop\MATERIALE TESI\MBM_IDE\BNB_extend.py:175: RuntimeWarning: invalid value encountered in true_divide
  self.class_log_prior_ = log_resp / log_resp.sum()
C:\DATI UTENTE\Desktop\MATERIALE TESI\MBM_IDE\BNB_extend.py:175: RuntimeWarning: invalid value encountered in true_divide
  self.class_log_prior_ = log_resp / log_resp.sum()
C:\DATI UTENTE\Desktop\MATERIALE TESI\MBM_IDE\BNB_extend.py:175: RuntimeWarning: invalid value encountered in true_divide
	 0.671 ± 0.000 P
	 0.665 ± 0.002 R
	 0.447 ± 0.002 F1

Model: LR
  self.class_log_prior_ = log_resp / log_resp.sum()
	 0.786 ± 0.000 P
	 1.000 ± 0.000 R
	 0.872 ± 0.000 F1


Target Class:  financial-abbrev-targets.n3.Class_05_64_17
? [financial-abbrev.Some_hasAgeValue_range & financial-abbrev.Non_From18To25, financial-abbrev.Some_hasAgeValue_range]
	 pos: 255	 neg: 505	 unl: 240 

Avg Scores - Problem #5

Model: MBM
C:\DATI UTENTE\Desktop\MATERIALE TESI\MBM_IDE\BNB_extend.py:175: RuntimeWarning: invalid value encountered in true_divide
  self.class_log_prior_ = log_resp / log_resp.sum()
C:\DATI UTENTE\Desktop\MATERIALE TESI\MBM_IDE\BNB_extend.py:175: RuntimeWarning: invalid value encountered in true_divide
  self.class_log_prior_ = log_resp / log_resp.sum()
C:\DATI UTENTE\Desktop\MATERIALE TESI\MBM_IDE\BNB_extend.py:175: RuntimeWarning: invalid value encountered in true_divide
  self.class_log_prior_ = log_resp / log_resp.sum()
C:\DATI UTENTE\Desktop\MATERIALE TESI\MBM_IDE\BNB_extend.py:175: RuntimeWarning: invalid value encountered in true_divide
  self.class_log_prior_ = log_resp / log_resp.sum()
C:\DATI UTENTE\Desktop\MATERIALE TESI\MBM_IDE\BNB_extend.py:175: RuntimeWarning: invalid value encountered in true_divide
  self.class_log_prior_ = log_resp / log_resp.sum()
C:\DATI UTENTE\Desktop\MATERIALE TESI\MBM_IDE\BNB_extend.py:175: RuntimeWarning: invalid value encountered in true_divide
  self.class_log_prior_ = log_resp / log_resp.sum()
C:\DATI UTENTE\Desktop\MATERIALE TESI\MBM_IDE\BNB_extend.py:175: RuntimeWarning: invalid value encountered in true_divide
  self.class_log_prior_ = log_resp / log_resp.sum()
C:\DATI UTENTE\Desktop\MATERIALE TESI\MBM_IDE\BNB_extend.py:175: RuntimeWarning: invalid value encountered in true_divide
  self.class_log_prior_ = log_resp / log_resp.sum()
C:\DATI UTENTE\Desktop\MATERIALE TESI\MBM_IDE\BNB_extend.py:175: RuntimeWarning: invalid value encountered in true_divide
  self.class_log_prior_ = log_resp / log_resp.sum()
C:\DATI UTENTE\Desktop\MATERIALE TESI\MBM_IDE\BNB_extend.py:175: RuntimeWarning: invalid value encountered in true_divide
  self.class_log_prior_ = log_resp / log_resp.sum()
	 0.671 ± 0.000 P
	 0.665 ± 0.002 R
	 0.447 ± 0.002 F1

Model: MMBM
C:\DATI UTENTE\Desktop\MATERIALE TESI\MBM_IDE\BNB_extend.py:175: RuntimeWarning: invalid value encountered in true_divide
  self.class_log_prior_ = log_resp / log_resp.sum()
C:\DATI UTENTE\Desktop\MATERIALE TESI\MBM_IDE\BNB_extend.py:175: RuntimeWarning: invalid value encountered in true_divide
  self.class_log_prior_ = log_resp / log_resp.sum()
C:\DATI UTENTE\Desktop\MATERIALE TESI\MBM_IDE\BNB_extend.py:175: RuntimeWarning: invalid value encountered in true_divide
  self.class_log_prior_ = log_resp / log_resp.sum()
C:\DATI UTENTE\Desktop\MATERIALE TESI\MBM_IDE\BNB_extend.py:175: RuntimeWarning: invalid value encountered in true_divide
  self.class_log_prior_ = log_resp / log_resp.sum()
C:\DATI UTENTE\Desktop\MATERIALE TESI\MBM_IDE\BNB_extend.py:175: RuntimeWarning: invalid value encountered in true_divide
  self.class_log_prior_ = log_resp / log_resp.sum()
C:\DATI UTENTE\Desktop\MATERIALE TESI\MBM_IDE\BNB_extend.py:175: RuntimeWarning: invalid value encountered in true_divide
  self.class_log_prior_ = log_resp / log_resp.sum()
C:\DATI UTENTE\Desktop\MATERIALE TESI\MBM_IDE\BNB_extend.py:175: RuntimeWarning: invalid value encountered in true_divide
  self.class_log_prior_ = log_resp / log_resp.sum()
C:\DATI UTENTE\Desktop\MATERIALE TESI\MBM_IDE\BNB_extend.py:175: RuntimeWarning: invalid value encountered in true_divide
  self.class_log_prior_ = log_resp / log_resp.sum()
C:\DATI UTENTE\Desktop\MATERIALE TESI\MBM_IDE\BNB_extend.py:175: RuntimeWarning: invalid value encountered in true_divide
  self.class_log_prior_ = log_resp / log_resp.sum()
	 0.671 ± 0.000 P
C:\DATI UTENTE\Desktop\MATERIALE TESI\MBM_IDE\BNB_extend.py:175: RuntimeWarning: invalid value encountered in true_divide
  self.class_log_prior_ = log_resp / log_resp.sum()
	 0.665 ± 0.002 R
	 0.447 ± 0.002 F1

Model: LR
	 0.786 ± 0.000 P
	 1.000 ± 0.000 R
	 0.872 ± 0.000 F1


Target Class:  financial-abbrev-targets.n3.Class_06_68_18
? [financial-abbrev.Some_isOwnerOf_range & financial-abbrev.Non_From25To35, financial-abbrev.Some_isOwnerOf_range]
	 pos: 217	 neg: 505	 unl: 278 

Avg Scores - Problem #6

Model: MBM
C:\DATI UTENTE\Desktop\MATERIALE TESI\MBM_IDE\BNB_extend.py:175: RuntimeWarning: invalid value encountered in true_divide
  self.class_log_prior_ = log_resp / log_resp.sum()
C:\DATI UTENTE\Desktop\MATERIALE TESI\MBM_IDE\BNB_extend.py:175: RuntimeWarning: invalid value encountered in true_divide
  self.class_log_prior_ = log_resp / log_resp.sum()
C:\DATI UTENTE\Desktop\MATERIALE TESI\MBM_IDE\BNB_extend.py:175: RuntimeWarning: invalid value encountered in true_divide
  self.class_log_prior_ = log_resp / log_resp.sum()
C:\DATI UTENTE\Desktop\MATERIALE TESI\MBM_IDE\BNB_extend.py:175: RuntimeWarning: invalid value encountered in true_divide
  self.class_log_prior_ = log_resp / log_resp.sum()
C:\DATI UTENTE\Desktop\MATERIALE TESI\MBM_IDE\BNB_extend.py:175: RuntimeWarning: invalid value encountered in true_divide
  self.class_log_prior_ = log_resp / log_resp.sum()
C:\DATI UTENTE\Desktop\MATERIALE TESI\MBM_IDE\BNB_extend.py:175: RuntimeWarning: invalid value encountered in true_divide
  self.class_log_prior_ = log_resp / log_resp.sum()
C:\DATI UTENTE\Desktop\MATERIALE TESI\MBM_IDE\BNB_extend.py:175: RuntimeWarning: invalid value encountered in true_divide
  self.class_log_prior_ = log_resp / log_resp.sum()
C:\DATI UTENTE\Desktop\MATERIALE TESI\MBM_IDE\BNB_extend.py:175: RuntimeWarning: invalid value encountered in true_divide
  self.class_log_prior_ = log_resp / log_resp.sum()
C:\DATI UTENTE\Desktop\MATERIALE TESI\MBM_IDE\BNB_extend.py:175: RuntimeWarning: invalid value encountered in true_divide
  self.class_log_prior_ = log_resp / log_resp.sum()
C:\DATI UTENTE\Desktop\MATERIALE TESI\MBM_IDE\BNB_extend.py:175: RuntimeWarning: invalid value encountered in true_divide
  self.class_log_prior_ = log_resp / log_resp.sum()
	 0.654 ± 0.000 P
	 0.700 ± 0.000 R
	 0.471 ± 0.000 F1

Model: MMBM
C:\DATI UTENTE\Desktop\MATERIALE TESI\MBM_IDE\BNB_extend.py:175: RuntimeWarning: invalid value encountered in true_divide
  self.class_log_prior_ = log_resp / log_resp.sum()
C:\DATI UTENTE\Desktop\MATERIALE TESI\MBM_IDE\BNB_extend.py:175: RuntimeWarning: invalid value encountered in true_divide
  self.class_log_prior_ = log_resp / log_resp.sum()
C:\DATI UTENTE\Desktop\MATERIALE TESI\MBM_IDE\BNB_extend.py:175: RuntimeWarning: invalid value encountered in true_divide
  self.class_log_prior_ = log_resp / log_resp.sum()
C:\DATI UTENTE\Desktop\MATERIALE TESI\MBM_IDE\BNB_extend.py:175: RuntimeWarning: invalid value encountered in true_divide
  self.class_log_prior_ = log_resp / log_resp.sum()
C:\DATI UTENTE\Desktop\MATERIALE TESI\MBM_IDE\BNB_extend.py:175: RuntimeWarning: invalid value encountered in true_divide
  self.class_log_prior_ = log_resp / log_resp.sum()
C:\DATI UTENTE\Desktop\MATERIALE TESI\MBM_IDE\BNB_extend.py:175: RuntimeWarning: invalid value encountered in true_divide
  self.class_log_prior_ = log_resp / log_resp.sum()
C:\DATI UTENTE\Desktop\MATERIALE TESI\MBM_IDE\BNB_extend.py:175: RuntimeWarning: invalid value encountered in true_divide
  self.class_log_prior_ = log_resp / log_resp.sum()
C:\DATI UTENTE\Desktop\MATERIALE TESI\MBM_IDE\BNB_extend.py:175: RuntimeWarning: invalid value encountered in true_divide
  self.class_log_prior_ = log_resp / log_resp.sum()
C:\DATI UTENTE\Desktop\MATERIALE TESI\MBM_IDE\BNB_extend.py:175: RuntimeWarning: invalid value encountered in true_divide
  self.class_log_prior_ = log_resp / log_resp.sum()
C:\DATI UTENTE\Desktop\MATERIALE TESI\MBM_IDE\BNB_extend.py:175: RuntimeWarning: invalid value encountered in true_divide
  self.class_log_prior_ = log_resp / log_resp.sum()
	 0.654 ± 0.000 P
	 0.700 ± 0.000 R
	 0.471 ± 0.000 F1

Model: LR
	 0.654 ± 0.000 P
	 0.700 ± 0.000 R
	 0.471 ± 0.000 F1


Target Class:  financial-abbrev-targets.n3.Class_07_9_42
? [financial-abbrev.Region & financial-abbrev.Non_FemaleSex, financial-abbrev.Region]
	 pos: 8	 neg: 752	 unl: 240 

Avg Scores - Problem #7

Model: MBM
C:\DATI UTENTE\Desktop\MATERIALE TESI\MBM_IDE\BNB_extend.py:175: RuntimeWarning: invalid value encountered in true_divide
  self.class_log_prior_ = log_resp / log_resp.sum()
C:\DATI UTENTE\Desktop\MATERIALE TESI\MBM_IDE\BNB_extend.py:175: RuntimeWarning: invalid value encountered in true_divide
  self.class_log_prior_ = log_resp / log_resp.sum()
C:\DATI UTENTE\Desktop\MATERIALE TESI\MBM_IDE\BNB_extend.py:175: RuntimeWarning: invalid value encountered in true_divide
  self.class_log_prior_ = log_resp / log_resp.sum()
C:\DATI UTENTE\Desktop\MATERIALE TESI\MBM_IDE\BNB_extend.py:175: RuntimeWarning: invalid value encountered in true_divide
  self.class_log_prior_ = log_resp / log_resp.sum()
C:\DATI UTENTE\Desktop\MATERIALE TESI\MBM_IDE\BNB_extend.py:175: RuntimeWarning: invalid value encountered in true_divide
  self.class_log_prior_ = log_resp / log_resp.sum()
C:\DATI UTENTE\Desktop\MATERIALE TESI\MBM_IDE\BNB_extend.py:175: RuntimeWarning: invalid value encountered in true_divide
  self.class_log_prior_ = log_resp / log_resp.sum()
C:\DATI UTENTE\Desktop\MATERIALE TESI\MBM_IDE\BNB_extend.py:175: RuntimeWarning: invalid value encountered in true_divide
	 0.755 ± 0.000 P
  self.class_log_prior_ = log_resp / log_resp.sum()
C:\DATI UTENTE\Desktop\MATERIALE TESI\MBM_IDE\BNB_extend.py:175: RuntimeWarning: invalid value encountered in true_divide
  self.class_log_prior_ = log_resp / log_resp.sum()
C:\DATI UTENTE\Desktop\MATERIALE TESI\MBM_IDE\BNB_extend.py:175: RuntimeWarning: invalid value encountered in true_divide
  self.class_log_prior_ = log_resp / log_resp.sum()
C:\DATI UTENTE\Desktop\MATERIALE TESI\MBM_IDE\BNB_extend.py:175: RuntimeWarning: invalid value encountered in true_divide
  self.class_log_prior_ = log_resp / log_resp.sum()
	 0.991 ± 0.000 R
	 0.852 ± 0.000 F1

Model: MMBM
C:\DATI UTENTE\Desktop\MATERIALE TESI\MBM_IDE\BNB_extend.py:175: RuntimeWarning: invalid value encountered in true_divide
  self.class_log_prior_ = log_resp / log_resp.sum()
C:\DATI UTENTE\Desktop\MATERIALE TESI\MBM_IDE\BNB_extend.py:175: RuntimeWarning: invalid value encountered in true_divide
  self.class_log_prior_ = log_resp / log_resp.sum()
C:\DATI UTENTE\Desktop\MATERIALE TESI\MBM_IDE\BNB_extend.py:175: RuntimeWarning: invalid value encountered in true_divide
  self.class_log_prior_ = log_resp / log_resp.sum()
C:\DATI UTENTE\Desktop\MATERIALE TESI\MBM_IDE\BNB_extend.py:175: RuntimeWarning: invalid value encountered in true_divide
  self.class_log_prior_ = log_resp / log_resp.sum()
C:\DATI UTENTE\Desktop\MATERIALE TESI\MBM_IDE\BNB_extend.py:175: RuntimeWarning: invalid value encountered in true_divide
  self.class_log_prior_ = log_resp / log_resp.sum()
C:\DATI UTENTE\Desktop\MATERIALE TESI\MBM_IDE\BNB_extend.py:175: RuntimeWarning: invalid value encountered in true_divide
  self.class_log_prior_ = log_resp / log_resp.sum()
C:\DATI UTENTE\Desktop\MATERIALE TESI\MBM_IDE\BNB_extend.py:175: RuntimeWarning: invalid value encountered in true_divide
  self.class_log_prior_ = log_resp / log_resp.sum()
C:\DATI UTENTE\Desktop\MATERIALE TESI\MBM_IDE\BNB_extend.py:175: RuntimeWarning: invalid value encountered in true_divide
  self.class_log_prior_ = log_resp / log_resp.sum()
C:\DATI UTENTE\Desktop\MATERIALE TESI\MBM_IDE\BNB_extend.py:175: RuntimeWarning: invalid value encountered in true_divide
  self.class_log_prior_ = log_resp / log_resp.sum()
C:\DATI UTENTE\Desktop\MATERIALE TESI\MBM_IDE\BNB_extend.py:175: RuntimeWarning: invalid value encountered in true_divide
	 0.755 ± 0.000 P
	 0.991 ± 0.000 R
  self.class_log_prior_ = log_resp / log_resp.sum()
	 0.852 ± 0.000 F1

Model: LR
	 0.755 ± 0.000 P
	 0.991 ± 0.000 R
	 0.852 ± 0.000 F1


Target Class:  financial-abbrev-targets.n3.Class_08_60_71
? [financial-abbrev.Some_hasSexValue_range & financial-abbrev.Non_Some_isTransactionFrom_range, financial-abbrev.Some_hasSexValue_range]
	 pos: 255	 neg: 505	 unl: 240 

Avg Scores - Problem #8

Model: MBM
C:\DATI UTENTE\Desktop\MATERIALE TESI\MBM_IDE\BNB_extend.py:175: RuntimeWarning: invalid value encountered in true_divide
  self.class_log_prior_ = log_resp / log_resp.sum()
C:\DATI UTENTE\Desktop\MATERIALE TESI\MBM_IDE\BNB_extend.py:175: RuntimeWarning: invalid value encountered in true_divide
  self.class_log_prior_ = log_resp / log_resp.sum()
C:\DATI UTENTE\Desktop\MATERIALE TESI\MBM_IDE\BNB_extend.py:175: RuntimeWarning: invalid value encountered in true_divide
  self.class_log_prior_ = log_resp / log_resp.sum()
C:\DATI UTENTE\Desktop\MATERIALE TESI\MBM_IDE\BNB_extend.py:175: RuntimeWarning: invalid value encountered in true_divide
  self.class_log_prior_ = log_resp / log_resp.sum()
C:\DATI UTENTE\Desktop\MATERIALE TESI\MBM_IDE\BNB_extend.py:175: RuntimeWarning: invalid value encountered in true_divide
  self.class_log_prior_ = log_resp / log_resp.sum()
C:\DATI UTENTE\Desktop\MATERIALE TESI\MBM_IDE\BNB_extend.py:175: RuntimeWarning: invalid value encountered in true_divide
  self.class_log_prior_ = log_resp / log_resp.sum()
C:\DATI UTENTE\Desktop\MATERIALE TESI\MBM_IDE\BNB_extend.py:175: RuntimeWarning: invalid value encountered in true_divide
  self.class_log_prior_ = log_resp / log_resp.sum()
C:\DATI UTENTE\Desktop\MATERIALE TESI\MBM_IDE\BNB_extend.py:175: RuntimeWarning: invalid value encountered in true_divide
	 0.671 ± 0.000 P
	 0.665 ± 0.002 R
	 0.447 ± 0.002 F1

  self.class_log_prior_ = log_resp / log_resp.sum()
C:\DATI UTENTE\Desktop\MATERIALE TESI\MBM_IDE\BNB_extend.py:175: RuntimeWarning: invalid value encountered in true_divide
  self.class_log_prior_ = log_resp / log_resp.sum()
C:\DATI UTENTE\Desktop\MATERIALE TESI\MBM_IDE\BNB_extend.py:175: RuntimeWarning: invalid value encountered in true_divide
  self.class_log_prior_ = log_resp / log_resp.sum()
Model: MMBM
C:\DATI UTENTE\Desktop\MATERIALE TESI\MBM_IDE\BNB_extend.py:175: RuntimeWarning: invalid value encountered in true_divide
  self.class_log_prior_ = log_resp / log_resp.sum()
C:\DATI UTENTE\Desktop\MATERIALE TESI\MBM_IDE\BNB_extend.py:175: RuntimeWarning: invalid value encountered in true_divide
  self.class_log_prior_ = log_resp / log_resp.sum()
C:\DATI UTENTE\Desktop\MATERIALE TESI\MBM_IDE\BNB_extend.py:175: RuntimeWarning: invalid value encountered in true_divide
  self.class_log_prior_ = log_resp / log_resp.sum()
C:\DATI UTENTE\Desktop\MATERIALE TESI\MBM_IDE\BNB_extend.py:175: RuntimeWarning: invalid value encountered in true_divide
  self.class_log_prior_ = log_resp / log_resp.sum()
C:\DATI UTENTE\Desktop\MATERIALE TESI\MBM_IDE\BNB_extend.py:175: RuntimeWarning: invalid value encountered in true_divide
  self.class_log_prior_ = log_resp / log_resp.sum()
C:\DATI UTENTE\Desktop\MATERIALE TESI\MBM_IDE\BNB_extend.py:175: RuntimeWarning: invalid value encountered in true_divide
  self.class_log_prior_ = log_resp / log_resp.sum()
C:\DATI UTENTE\Desktop\MATERIALE TESI\MBM_IDE\BNB_extend.py:175: RuntimeWarning: invalid value encountered in true_divide
  self.class_log_prior_ = log_resp / log_resp.sum()
C:\DATI UTENTE\Desktop\MATERIALE TESI\MBM_IDE\BNB_extend.py:175: RuntimeWarning: invalid value encountered in true_divide
  self.class_log_prior_ = log_resp / log_resp.sum()
C:\DATI UTENTE\Desktop\MATERIALE TESI\MBM_IDE\BNB_extend.py:175: RuntimeWarning: invalid value encountered in true_divide
  self.class_log_prior_ = log_resp / log_resp.sum()
	 0.671 ± 0.000 P
	 0.665 ± 0.002 R
	 0.447 ± 0.002 F1

Model: LR
C:\DATI UTENTE\Desktop\MATERIALE TESI\MBM_IDE\BNB_extend.py:175: RuntimeWarning: invalid value encountered in true_divide
  self.class_log_prior_ = log_resp / log_resp.sum()
	 0.786 ± 0.000 P
	 1.000 ± 0.000 R
	 0.872 ± 0.000 F1


Target Class:  financial-abbrev-targets.n3.Class_09_61_56
? [financial-abbrev.Some_isPermanentOrderFor_range & financial-abbrev.Non_OldAgePension, financial-abbrev-targets.n3.Class_03_61_45, financial-abbrev.Some_isPermanentOrderFor_range]
	 pos: 381	 neg: 379	 unl: 240 

Avg Scores - Problem #9

Model: MBM
C:\DATI UTENTE\Desktop\MATERIALE TESI\MBM_IDE\BNB_extend.py:175: RuntimeWarning: invalid value encountered in true_divide
  self.class_log_prior_ = log_resp / log_resp.sum()
C:\DATI UTENTE\Desktop\MATERIALE TESI\MBM_IDE\BNB_extend.py:175: RuntimeWarning: invalid value encountered in true_divide
  self.class_log_prior_ = log_resp / log_resp.sum()
C:\DATI UTENTE\Desktop\MATERIALE TESI\MBM_IDE\BNB_extend.py:175: RuntimeWarning: invalid value encountered in true_divide
  self.class_log_prior_ = log_resp / log_resp.sum()
C:\DATI UTENTE\Desktop\MATERIALE TESI\MBM_IDE\BNB_extend.py:175: RuntimeWarning: invalid value encountered in true_divide
  self.class_log_prior_ = log_resp / log_resp.sum()
C:\DATI UTENTE\Desktop\MATERIALE TESI\MBM_IDE\BNB_extend.py:175: RuntimeWarning: invalid value encountered in true_divide
  self.class_log_prior_ = log_resp / log_resp.sum()
C:\DATI UTENTE\Desktop\MATERIALE TESI\MBM_IDE\BNB_extend.py:175: RuntimeWarning: invalid value encountered in true_divide
  self.class_log_prior_ = log_resp / log_resp.sum()
C:\DATI UTENTE\Desktop\MATERIALE TESI\MBM_IDE\BNB_extend.py:175: RuntimeWarning: invalid value encountered in true_divide
  self.class_log_prior_ = log_resp / log_resp.sum()
C:\DATI UTENTE\Desktop\MATERIALE TESI\MBM_IDE\BNB_extend.py:175: RuntimeWarning: invalid value encountered in true_divide
  self.class_log_prior_ = log_resp / log_resp.sum()
C:\DATI UTENTE\Desktop\MATERIALE TESI\MBM_IDE\BNB_extend.py:175: RuntimeWarning: invalid value encountered in true_divide
  self.class_log_prior_ = log_resp / log_resp.sum()
C:\DATI UTENTE\Desktop\MATERIALE TESI\MBM_IDE\BNB_extend.py:175: RuntimeWarning: invalid value encountered in true_divide
  self.class_log_prior_ = log_resp / log_resp.sum()
	 0.690 ± 0.000 P
	 0.500 ± 0.000 R
	 0.275 ± 0.000 F1

Model: MMBM
C:\DATI UTENTE\Desktop\MATERIALE TESI\MBM_IDE\BNB_extend.py:175: RuntimeWarning: invalid value encountered in true_divide
  self.class_log_prior_ = log_resp / log_resp.sum()
C:\DATI UTENTE\Desktop\MATERIALE TESI\MBM_IDE\BNB_extend.py:175: RuntimeWarning: invalid value encountered in true_divide
  self.class_log_prior_ = log_resp / log_resp.sum()
C:\DATI UTENTE\Desktop\MATERIALE TESI\MBM_IDE\BNB_extend.py:175: RuntimeWarning: invalid value encountered in true_divide
  self.class_log_prior_ = log_resp / log_resp.sum()
C:\DATI UTENTE\Desktop\MATERIALE TESI\MBM_IDE\BNB_extend.py:175: RuntimeWarning: invalid value encountered in true_divide
  self.class_log_prior_ = log_resp / log_resp.sum()
C:\DATI UTENTE\Desktop\MATERIALE TESI\MBM_IDE\BNB_extend.py:175: RuntimeWarning: invalid value encountered in true_divide
  self.class_log_prior_ = log_resp / log_resp.sum()
C:\DATI UTENTE\Desktop\MATERIALE TESI\MBM_IDE\BNB_extend.py:175: RuntimeWarning: invalid value encountered in true_divide
  self.class_log_prior_ = log_resp / log_resp.sum()
C:\DATI UTENTE\Desktop\MATERIALE TESI\MBM_IDE\BNB_extend.py:175: RuntimeWarning: invalid value encountered in true_divide
  self.class_log_prior_ = log_resp / log_resp.sum()
C:\DATI UTENTE\Desktop\MATERIALE TESI\MBM_IDE\BNB_extend.py:175: RuntimeWarning: invalid value encountered in true_divide
  self.class_log_prior_ = log_resp / log_resp.sum()
C:\DATI UTENTE\Desktop\MATERIALE TESI\MBM_IDE\BNB_extend.py:175: RuntimeWarning: invalid value encountered in true_divide
  self.class_log_prior_ = log_resp / log_resp.sum()
C:\DATI UTENTE\Desktop\MATERIALE TESI\MBM_IDE\BNB_extend.py:175: RuntimeWarning: invalid value encountered in true_divide
  self.class_log_prior_ = log_resp / log_resp.sum()
	 0.690 ± 0.000 P
	 0.500 ± 0.000 R
	 0.275 ± 0.000 F1

Model: LR
	 0.804 ± 0.002 P
	 1.000 ± 0.000 R
	 0.879 ± 0.001 F1


Target Class:  financial-abbrev-targets.n3.Class_10_66_33
? [financial-abbrev.Some_isCreditCardOf_range & financial-abbrev.Non_SouthBohemia, financial-abbrev.Some_isCreditCardOf_range]
	 pos: 56	 neg: 704	 unl: 240 
C:\DATI UTENTE\Desktop\MATERIALE TESI\MBM_IDE\BNB_extend.py:175: RuntimeWarning: invalid value encountered in true_divide
  self.class_log_prior_ = log_resp / log_resp.sum()
C:\DATI UTENTE\Desktop\MATERIALE TESI\MBM_IDE\BNB_extend.py:175: RuntimeWarning: invalid value encountered in true_divide
  self.class_log_prior_ = log_resp / log_resp.sum()
C:\DATI UTENTE\Desktop\MATERIALE TESI\MBM_IDE\BNB_extend.py:175: RuntimeWarning: invalid value encountered in true_divide
  self.class_log_prior_ = log_resp / log_resp.sum()
C:\DATI UTENTE\Desktop\MATERIALE TESI\MBM_IDE\BNB_extend.py:175: RuntimeWarning: invalid value encountered in true_divide
  self.class_log_prior_ = log_resp / log_resp.sum()
C:\DATI UTENTE\Desktop\MATERIALE TESI\MBM_IDE\BNB_extend.py:175: RuntimeWarning: invalid value encountered in true_divide
  self.class_log_prior_ = log_resp / log_resp.sum()
C:\DATI UTENTE\Desktop\MATERIALE TESI\MBM_IDE\BNB_extend.py:175: RuntimeWarning: invalid value encountered in true_divide
  self.class_log_prior_ = log_resp / log_resp.sum()
C:\DATI UTENTE\Desktop\MATERIALE TESI\MBM_IDE\BNB_extend.py:175: RuntimeWarning: invalid value encountered in true_divide
  self.class_log_prior_ = log_resp / log_resp.sum()
C:\DATI UTENTE\Desktop\MATERIALE TESI\MBM_IDE\BNB_extend.py:175: RuntimeWarning: invalid value encountered in true_divide
  self.class_log_prior_ = log_resp / log_resp.sum()

Avg Scores - Problem #10

Model: MBM
C:\DATI UTENTE\Desktop\MATERIALE TESI\MBM_IDE\BNB_extend.py:175: RuntimeWarning: invalid value encountered in true_divide
	 0.725 ± 0.000 P
	 0.925 ± 0.000 R
	 0.764 ± 0.000 F1

Model: MMBM
  self.class_log_prior_ = log_resp / log_resp.sum()
C:\DATI UTENTE\Desktop\MATERIALE TESI\MBM_IDE\BNB_extend.py:175: RuntimeWarning: invalid value encountered in true_divide
  self.class_log_prior_ = log_resp / log_resp.sum()
C:\DATI UTENTE\Desktop\MATERIALE TESI\MBM_IDE\BNB_extend.py:175: RuntimeWarning: invalid value encountered in true_divide
  self.class_log_prior_ = log_resp / log_resp.sum()
C:\DATI UTENTE\Desktop\MATERIALE TESI\MBM_IDE\BNB_extend.py:175: RuntimeWarning: invalid value encountered in true_divide
  self.class_log_prior_ = log_resp / log_resp.sum()
C:\DATI UTENTE\Desktop\MATERIALE TESI\MBM_IDE\BNB_extend.py:175: RuntimeWarning: invalid value encountered in true_divide
  self.class_log_prior_ = log_resp / log_resp.sum()
C:\DATI UTENTE\Desktop\MATERIALE TESI\MBM_IDE\BNB_extend.py:175: RuntimeWarning: invalid value encountered in true_divide
  self.class_log_prior_ = log_resp / log_resp.sum()
C:\DATI UTENTE\Desktop\MATERIALE TESI\MBM_IDE\BNB_extend.py:175: RuntimeWarning: invalid value encountered in true_divide
  self.class_log_prior_ = log_resp / log_resp.sum()
C:\DATI UTENTE\Desktop\MATERIALE TESI\MBM_IDE\BNB_extend.py:175: RuntimeWarning: invalid value encountered in true_divide
  self.class_log_prior_ = log_resp / log_resp.sum()
C:\DATI UTENTE\Desktop\MATERIALE TESI\MBM_IDE\BNB_extend.py:175: RuntimeWarning: invalid value encountered in true_divide
  self.class_log_prior_ = log_resp / log_resp.sum()
C:\DATI UTENTE\Desktop\MATERIALE TESI\MBM_IDE\BNB_extend.py:175: RuntimeWarning: invalid value encountered in true_divide
  self.class_log_prior_ = log_resp / log_resp.sum()
C:\DATI UTENTE\Desktop\MATERIALE TESI\MBM_IDE\BNB_extend.py:175: RuntimeWarning: invalid value encountered in true_divide
  self.class_log_prior_ = log_resp / log_resp.sum()
C:\DATI UTENTE\Desktop\MATERIALE TESI\MBM_IDE\BNB_extend.py:175: RuntimeWarning: invalid value encountered in true_divide
	 0.725 ± 0.000 P
	 0.925 ± 0.000 R
	 0.764 ± 0.000 F1

Model: LR
  self.class_log_prior_ = log_resp / log_resp.sum()
	 0.725 ± 0.000 P
	 0.925 ± 0.000 R
	 0.764 ± 0.000 F1



>>>>>>>>>>>>>>>>>>>>>>>>>> FINAL RESULTS
CV Splits: 10 	 test set prop.: 0.3

Model: MBM
	 0.677 ± 0.050 P
	 0.733 ± 0.162 R
	 0.521 ± 0.181 F1

Model: MMBM
	 0.677 ± 0.050 P
	 0.733 ± 0.162 R
	 0.521 ± 0.181 F1

Model: LR
	 0.778 ± 0.086 P
	 0.912 ± 0.124 R
	 0.786 ± 0.130 F1



model MBM: BNB_extend()
model MMBM: Pipeline(steps=[('rbm',
                 BernoulliRBM(batch_size=1, learning_rate=0.01, n_components=50,
                              n_iter=200, random_state=42, verbose=False)),
                ('clf', BNB_extend())])
model LR: LogisticRegression(C=0.01, max_iter=200, multi_class='multinomial',
                   penalty='l1', solver='saga')
